{"C:\\_dev\\ReactTutorial\\User-Management\\src\\index.jsx": {"path":"C:\\_dev\\ReactTutorial\\User-Management\\src\\index.jsx","statementMap":{"0":{"start":{"line":1,"column":26},"end":{"line":1,"column":42}},"1":{"start":{"line":1,"column":57},"end":{"line":1,"column":87}},"2":{"start":{"line":2,"column":16},"end":{"line":2,"column":36}},"3":{"start":{"line":2,"column":54},"end":{"line":2,"column":87}},"4":{"start":{"line":3,"column":18},"end":{"line":3,"column":40}},"5":{"start":{"line":4,"column":13},"end":{"line":4,"column":29}},"6":{"start":{"line":5,"column":22},"end":{"line":5,"column":49}},"7":{"start":{"line":6,"column":20},"end":{"line":6,"column":44}},"8":{"start":{"line":6,"column":66},"end":{"line":6,"column":103}},"9":{"start":{"line":8,"column":19},"end":{"line":8,"column":63}},"10":{"start":{"line":8,"column":84},"end":{"line":8,"column":120}},"11":{"start":{"line":9,"column":16},"end":{"line":9,"column":58}},"12":{"start":{"line":9,"column":76},"end":{"line":9,"column":109}},"13":{"start":{"line":10,"column":16},"end":{"line":10,"column":37}},"14":{"start":{"line":10,"column":55},"end":{"line":10,"column":88}},"15":{"start":{"line":10,"column":127},"end":{"line":10,"column":181}},"16":{"start":{"line":12,"column":32},"end":{"line":12,"column":103}},"17":{"start":{"line":14,"column":0},"end":{"line":26,"column":38}}},"fnMap":{"0":{"name":"_interopRequireDefault","decl":{"start":{"line":10,"column":98},"end":{"line":10,"column":120}},"loc":{"start":{"line":10,"column":126},"end":{"line":10,"column":182}},"line":10}},"branchMap":{"0":{"loc":{"start":{"line":10,"column":134},"end":{"line":10,"column":180}},"type":"cond-expr","locations":[{"start":{"line":10,"column":158},"end":{"line":10,"column":161}},{"start":{"line":10,"column":164},"end":{"line":10,"column":180}}],"line":10},"1":{"loc":{"start":{"line":10,"column":134},"end":{"line":10,"column":155}},"type":"binary-expr","locations":[{"start":{"line":10,"column":134},"end":{"line":10,"column":137}},{"start":{"line":10,"column":141},"end":{"line":10,"column":155}}],"line":10},"2":{"loc":{"start":{"line":15,"column":107},"end":{"line":15,"column":183}},"type":"binary-expr","locations":[{"start":{"line":15,"column":107},"end":{"line":15,"column":142}},{"start":{"line":15,"column":146},"end":{"line":15,"column":183}}],"line":15}},"s":{"0":0,"1":0,"2":0,"3":0,"4":0,"5":0,"6":0,"7":0,"8":0,"9":0,"10":0,"11":0,"12":0,"13":0,"14":0,"15":0,"16":0,"17":0},"f":{"0":0},"b":{"0":[0,0],"1":[0,0],"2":[0,0]}}
,"C:\\_dev\\ReactTutorial\\User-Management\\src\\actions\\index.jsx": {"path":"C:\\_dev\\ReactTutorial\\User-Management\\src\\actions\\index.jsx","statementMap":{"0":{"start":{"line":1,"column":13},"end":{"line":1,"column":75}},"1":{"start":{"line":1,"column":75},"end":{"line":1,"column":149}},"2":{"start":{"line":1,"column":149},"end":{"line":9,"column":24}},"3":{"start":{"line":9,"column":24},"end":{"line":18,"column":22}},"4":{"start":{"line":18,"column":22},"end":{"line":27,"column":20}},"5":{"start":{"line":27,"column":33},"end":{"line":27,"column":49}},"6":{"start":{"line":27,"column":64},"end":{"line":27,"column":94}},"7":{"start":{"line":27,"column":133},"end":{"line":27,"column":187}},"8":{"start":{"line":27,"column":203},"end":{"line":27,"column":248}},"9":{"start":{"line":27,"column":267},"end":{"line":27,"column":302}},"10":{"start":{"line":27,"column":320},"end":{"line":27,"column":353}},"11":{"start":{"line":27,"column":371},"end":{"line":27,"column":404}},"12":{"start":{"line":27,"column":438},"end":{"line":27,"column":451}},"13":{"start":{"line":27,"column":466},"end":{"line":27,"column":490}},"14":{"start":{"line":27,"column":491},"end":{"line":27,"column":538}},"15":{"start":{"line":27,"column":577},"end":{"line":27,"column":616}},"16":{"start":{"line":27,"column":617},"end":{"line":27,"column":663}},"17":{"start":{"line":28,"column":16},"end":{"line":28,"column":126}},"18":{"start":{"line":28,"column":106},"end":{"line":28,"column":124}},"19":{"start":{"line":29,"column":2},"end":{"line":31,"column":23}}},"fnMap":{"0":{"name":"_interopRequireDefault","decl":{"start":{"line":27,"column":104},"end":{"line":27,"column":126}},"loc":{"start":{"line":27,"column":132},"end":{"line":27,"column":188}},"line":27},"1":{"name":"fetchUsers","decl":{"start":{"line":27,"column":414},"end":{"line":27,"column":424}},"loc":{"start":{"line":27,"column":427},"end":{"line":27,"column":539}},"line":27},"2":{"name":"fetchUser","decl":{"start":{"line":27,"column":548},"end":{"line":27,"column":557}},"loc":{"start":{"line":27,"column":562},"end":{"line":27,"column":664}},"line":27},"3":{"name":"saveUser","decl":{"start":{"line":27,"column":673},"end":{"line":27,"column":681}},"loc":{"start":{"line":27,"column":688},"end":{"line":33,"column":1}},"line":27},"4":{"name":"(anonymous_4)","decl":{"start":{"line":28,"column":93},"end":{"line":28,"column":94}},"loc":{"start":{"line":28,"column":105},"end":{"line":28,"column":125}},"line":28}},"branchMap":{"0":{"loc":{"start":{"line":27,"column":140},"end":{"line":27,"column":186}},"type":"cond-expr","locations":[{"start":{"line":27,"column":164},"end":{"line":27,"column":167}},{"start":{"line":27,"column":170},"end":{"line":27,"column":186}}],"line":27},"1":{"loc":{"start":{"line":27,"column":140},"end":{"line":27,"column":161}},"type":"binary-expr","locations":[{"start":{"line":27,"column":140},"end":{"line":27,"column":143}},{"start":{"line":27,"column":147},"end":{"line":27,"column":161}}],"line":27}},"s":{"0":0,"1":0,"2":0,"3":0,"4":0,"5":0,"6":0,"7":0,"8":0,"9":0,"10":0,"11":0,"12":0,"13":0,"14":0,"15":0,"16":0,"17":0,"18":0,"19":0},"f":{"0":0,"1":0,"2":0,"3":0,"4":0},"b":{"0":[0,0],"1":[0,0]}}
,"C:\\_dev\\ReactTutorial\\User-Management\\src\\container\\edit_view\\edit_detail.jsx": {"path":"C:\\_dev\\ReactTutorial\\User-Management\\src\\container\\edit_view\\edit_detail.jsx","statementMap":{"0":{"start":{"line":1,"column":13},"end":{"line":1,"column":75}},"1":{"start":{"line":1,"column":94},"end":{"line":1,"column":623}},"2":{"start":{"line":1,"column":149},"end":{"line":1,"column":414}},"3":{"start":{"line":1,"column":206},"end":{"line":1,"column":214}},"4":{"start":{"line":1,"column":215},"end":{"line":1,"column":270}},"5":{"start":{"line":1,"column":270},"end":{"line":1,"column":301}},"6":{"start":{"line":1,"column":301},"end":{"line":1,"column":355}},"7":{"start":{"line":1,"column":328},"end":{"line":1,"column":355}},"8":{"start":{"line":1,"column":355},"end":{"line":1,"column":413}},"9":{"start":{"line":1,"column":415},"end":{"line":1,"column":620}},"10":{"start":{"line":1,"column":471},"end":{"line":1,"column":539}},"11":{"start":{"line":1,"column":487},"end":{"line":1,"column":539}},"12":{"start":{"line":1,"column":539},"end":{"line":1,"column":599}},"13":{"start":{"line":1,"column":556},"end":{"line":1,"column":599}},"14":{"start":{"line":1,"column":599},"end":{"line":1,"column":618}},"15":{"start":{"line":1,"column":638},"end":{"line":1,"column":655}},"16":{"start":{"line":1,"column":671},"end":{"line":1,"column":702}},"17":{"start":{"line":2,"column":13},"end":{"line":2,"column":29}},"18":{"start":{"line":2,"column":44},"end":{"line":2,"column":74}},"19":{"start":{"line":3,"column":18},"end":{"line":3,"column":40}},"20":{"start":{"line":4,"column":22},"end":{"line":4,"column":49}},"21":{"start":{"line":5,"column":15},"end":{"line":5,"column":43}},"22":{"start":{"line":6,"column":15},"end":{"line":6,"column":39}},"23":{"start":{"line":6,"column":78},"end":{"line":6,"column":132}},"24":{"start":{"line":6,"column":182},"end":{"line":6,"column":281}},"25":{"start":{"line":6,"column":223},"end":{"line":6,"column":280}},"26":{"start":{"line":6,"column":331},"end":{"line":6,"column":430}},"27":{"start":{"line":6,"column":343},"end":{"line":6,"column":429}},"28":{"start":{"line":6,"column":430},"end":{"line":6,"column":516}},"29":{"start":{"line":6,"column":559},"end":{"line":6,"column":722}},"30":{"start":{"line":6,"column":621},"end":{"line":6,"column":721}},"31":{"start":{"line":6,"column":722},"end":{"line":6,"column":886}},"32":{"start":{"line":6,"column":886},"end":{"line":6,"column":1004}},"33":{"start":{"line":6,"column":902},"end":{"line":6,"column":1004}},"34":{"start":{"line":8,"column":13},"end":{"line":128,"column":47}},"35":{"start":{"line":8,"column":36},"end":{"line":8,"column":70}},"36":{"start":{"line":8,"column":93},"end":{"line":8,"column":127}},"37":{"start":{"line":8,"column":127},"end":{"line":8,"column":251}},"38":{"start":{"line":8,"column":252},"end":{"line":128,"column":10}},"39":{"start":{"line":10,"column":6},"end":{"line":10,"column":30}},"40":{"start":{"line":11,"column":11},"end":{"line":11,"column":37}},"41":{"start":{"line":12,"column":6},"end":{"line":12,"column":31}},"42":{"start":{"line":16,"column":13},"end":{"line":16,"column":28}},"43":{"start":{"line":18,"column":6},"end":{"line":20,"column":7}},"44":{"start":{"line":19,"column":8},"end":{"line":19,"column":72}},"45":{"start":{"line":22,"column":6},"end":{"line":124,"column":119}},"46":{"start":{"line":128,"column":10},"end":{"line":128,"column":28}},"47":{"start":{"line":131,"column":54},"end":{"line":131,"column":64}},"48":{"start":{"line":132,"column":2},"end":{"line":132,"column":51}},"49":{"start":{"line":133,"column":1},"end":{"line":135,"column":89}}},"fnMap":{"0":{"name":"(anonymous_0)","decl":{"start":{"line":1,"column":94},"end":{"line":1,"column":95}},"loc":{"start":{"line":1,"column":106},"end":{"line":1,"column":621}},"line":1},"1":{"name":"defineProperties","decl":{"start":{"line":1,"column":116},"end":{"line":1,"column":132}},"loc":{"start":{"line":1,"column":148},"end":{"line":1,"column":415}},"line":1},"2":{"name":"(anonymous_2)","decl":{"start":{"line":1,"column":422},"end":{"line":1,"column":423}},"loc":{"start":{"line":1,"column":470},"end":{"line":1,"column":619}},"line":1},"3":{"name":"_interopRequireDefault","decl":{"start":{"line":6,"column":49},"end":{"line":6,"column":71}},"loc":{"start":{"line":6,"column":77},"end":{"line":6,"column":133}},"line":6},"4":{"name":"_classCallCheck","decl":{"start":{"line":6,"column":142},"end":{"line":6,"column":157}},"loc":{"start":{"line":6,"column":181},"end":{"line":6,"column":282}},"line":6},"5":{"name":"_possibleConstructorReturn","decl":{"start":{"line":6,"column":291},"end":{"line":6,"column":317}},"loc":{"start":{"line":6,"column":330},"end":{"line":6,"column":517}},"line":6},"6":{"name":"_inherits","decl":{"start":{"line":6,"column":526},"end":{"line":6,"column":535}},"loc":{"start":{"line":6,"column":558},"end":{"line":6,"column":1005}},"line":6},"7":{"name":"(anonymous_7)","decl":{"start":{"line":8,"column":13},"end":{"line":8,"column":14}},"loc":{"start":{"line":8,"column":35},"end":{"line":128,"column":29}},"line":8},"8":{"name":"EditDetail","decl":{"start":{"line":8,"column":79},"end":{"line":8,"column":89}},"loc":{"start":{"line":8,"column":92},"end":{"line":8,"column":252}},"line":8},"9":{"name":"componentDidMount","decl":{"start":{"line":8,"column":322},"end":{"line":8,"column":339}},"loc":{"start":{"line":9,"column":4},"end":{"line":13,"column":5}},"line":9},"10":{"name":"render","decl":{"start":{"line":13,"column":42},"end":{"line":13,"column":48}},"loc":{"start":{"line":15,"column":4},"end":{"line":128,"column":5}},"line":15},"11":{"name":"mapStateToProps","decl":{"start":{"line":131,"column":9},"end":{"line":131,"column":24}},"loc":{"start":{"line":131,"column":41},"end":{"line":133,"column":1}},"line":131}},"branchMap":{"0":{"loc":{"start":{"line":1,"column":239},"end":{"line":1,"column":269}},"type":"binary-expr","locations":[{"start":{"line":1,"column":239},"end":{"line":1,"column":260}},{"start":{"line":1,"column":264},"end":{"line":1,"column":269}}],"line":1},"1":{"loc":{"start":{"line":1,"column":301},"end":{"line":1,"column":355}},"type":"if","locations":[{"start":{"line":1,"column":301},"end":{"line":1,"column":355}},{"start":{"line":1,"column":301},"end":{"line":1,"column":355}}],"line":1},"2":{"loc":{"start":{"line":1,"column":471},"end":{"line":1,"column":539}},"type":"if","locations":[{"start":{"line":1,"column":471},"end":{"line":1,"column":539}},{"start":{"line":1,"column":471},"end":{"line":1,"column":539}}],"line":1},"3":{"loc":{"start":{"line":1,"column":539},"end":{"line":1,"column":599}},"type":"if","locations":[{"start":{"line":1,"column":539},"end":{"line":1,"column":599}},{"start":{"line":1,"column":539},"end":{"line":1,"column":599}}],"line":1},"4":{"loc":{"start":{"line":6,"column":85},"end":{"line":6,"column":131}},"type":"cond-expr","locations":[{"start":{"line":6,"column":109},"end":{"line":6,"column":112}},{"start":{"line":6,"column":115},"end":{"line":6,"column":131}}],"line":6},"5":{"loc":{"start":{"line":6,"column":85},"end":{"line":6,"column":106}},"type":"binary-expr","locations":[{"start":{"line":6,"column":85},"end":{"line":6,"column":88}},{"start":{"line":6,"column":92},"end":{"line":6,"column":106}}],"line":6},"6":{"loc":{"start":{"line":6,"column":182},"end":{"line":6,"column":281}},"type":"if","locations":[{"start":{"line":6,"column":182},"end":{"line":6,"column":281}},{"start":{"line":6,"column":182},"end":{"line":6,"column":281}}],"line":6},"7":{"loc":{"start":{"line":6,"column":331},"end":{"line":6,"column":430}},"type":"if","locations":[{"start":{"line":6,"column":331},"end":{"line":6,"column":430}},{"start":{"line":6,"column":331},"end":{"line":6,"column":430}}],"line":6},"8":{"loc":{"start":{"line":6,"column":437},"end":{"line":6,"column":515}},"type":"cond-expr","locations":[{"start":{"line":6,"column":504},"end":{"line":6,"column":508}},{"start":{"line":6,"column":511},"end":{"line":6,"column":515}}],"line":6},"9":{"loc":{"start":{"line":6,"column":437},"end":{"line":6,"column":501}},"type":"binary-expr","locations":[{"start":{"line":6,"column":437},"end":{"line":6,"column":441}},{"start":{"line":6,"column":446},"end":{"line":6,"column":470}},{"start":{"line":6,"column":474},"end":{"line":6,"column":500}}],"line":6},"10":{"loc":{"start":{"line":6,"column":559},"end":{"line":6,"column":722}},"type":"if","locations":[{"start":{"line":6,"column":559},"end":{"line":6,"column":722}},{"start":{"line":6,"column":559},"end":{"line":6,"column":722}}],"line":6},"11":{"loc":{"start":{"line":6,"column":563},"end":{"line":6,"column":618}},"type":"binary-expr","locations":[{"start":{"line":6,"column":563},"end":{"line":6,"column":595}},{"start":{"line":6,"column":599},"end":{"line":6,"column":618}}],"line":6},"12":{"loc":{"start":{"line":6,"column":757},"end":{"line":6,"column":791}},"type":"binary-expr","locations":[{"start":{"line":6,"column":757},"end":{"line":6,"column":767}},{"start":{"line":6,"column":771},"end":{"line":6,"column":791}}],"line":6},"13":{"loc":{"start":{"line":6,"column":886},"end":{"line":6,"column":1004}},"type":"if","locations":[{"start":{"line":6,"column":886},"end":{"line":6,"column":1004}},{"start":{"line":6,"column":886},"end":{"line":6,"column":1004}}],"line":6},"14":{"loc":{"start":{"line":6,"column":902},"end":{"line":6,"column":1003}},"type":"cond-expr","locations":[{"start":{"line":6,"column":926},"end":{"line":6,"column":969}},{"start":{"line":6,"column":972},"end":{"line":6,"column":1003}}],"line":6},"15":{"loc":{"start":{"line":8,"column":168},"end":{"line":8,"column":225}},"type":"binary-expr","locations":[{"start":{"line":8,"column":168},"end":{"line":8,"column":188}},{"start":{"line":8,"column":192},"end":{"line":8,"column":225}}],"line":8},"16":{"loc":{"start":{"line":18,"column":6},"end":{"line":20,"column":7}},"type":"if","locations":[{"start":{"line":18,"column":6},"end":{"line":20,"column":7}},{"start":{"line":18,"column":6},"end":{"line":20,"column":7}}],"line":18}},"s":{"0":0,"1":0,"2":0,"3":0,"4":0,"5":0,"6":0,"7":0,"8":0,"9":0,"10":0,"11":0,"12":0,"13":0,"14":0,"15":0,"16":0,"17":0,"18":0,"19":0,"20":0,"21":0,"22":0,"23":0,"24":0,"25":0,"26":0,"27":0,"28":0,"29":0,"30":0,"31":0,"32":0,"33":0,"34":0,"35":0,"36":0,"37":0,"38":0,"39":0,"40":0,"41":0,"42":0,"43":0,"44":0,"45":0,"46":0,"47":0,"48":0,"49":0},"f":{"0":0,"1":0,"2":0,"3":0,"4":0,"5":0,"6":0,"7":0,"8":0,"9":0,"10":0,"11":0},"b":{"0":[0,0],"1":[0,0],"2":[0,0],"3":[0,0],"4":[0,0],"5":[0,0],"6":[0,0],"7":[0,0],"8":[0,0],"9":[0,0,0],"10":[0,0],"11":[0,0],"12":[0,0],"13":[0,0],"14":[0,0],"15":[0,0],"16":[0,0]}}
,"C:\\_dev\\ReactTutorial\\User-Management\\src\\container\\list_view\\link.jsx": {"path":"C:\\_dev\\ReactTutorial\\User-Management\\src\\container\\list_view\\link.jsx","statementMap":{"0":{"start":{"line":3,"column":15},"end":{"line":6,"column":1}},"1":{"start":{"line":10,"column":4},"end":{"line":10,"column":12}},"2":{"start":{"line":12,"column":4},"end":{"line":12,"column":55}},"3":{"start":{"line":13,"column":4},"end":{"line":13,"column":55}},"4":{"start":{"line":15,"column":4},"end":{"line":17,"column":6}},"5":{"start":{"line":21,"column":4},"end":{"line":21,"column":43}},"6":{"start":{"line":25,"column":4},"end":{"line":25,"column":42}},"7":{"start":{"line":29,"column":4},"end":{"line":38,"column":6}}},"fnMap":{"0":{"name":"(anonymous_0)","decl":{"start":{"line":9,"column":2},"end":{"line":9,"column":3}},"loc":{"start":{"line":9,"column":16},"end":{"line":18,"column":3}},"line":9},"1":{"name":"(anonymous_1)","decl":{"start":{"line":20,"column":2},"end":{"line":20,"column":3}},"loc":{"start":{"line":20,"column":18},"end":{"line":22,"column":3}},"line":20},"2":{"name":"(anonymous_2)","decl":{"start":{"line":24,"column":2},"end":{"line":24,"column":3}},"loc":{"start":{"line":24,"column":18},"end":{"line":26,"column":3}},"line":24},"3":{"name":"(anonymous_3)","decl":{"start":{"line":28,"column":2},"end":{"line":28,"column":3}},"loc":{"start":{"line":28,"column":11},"end":{"line":39,"column":3}},"line":28}},"branchMap":{"0":{"loc":{"start":{"line":32,"column":14},"end":{"line":32,"column":36}},"type":"binary-expr","locations":[{"start":{"line":32,"column":14},"end":{"line":32,"column":29}},{"start":{"line":32,"column":33},"end":{"line":32,"column":36}}],"line":32}},"s":{"0":1,"1":1,"2":1,"3":1,"4":1,"5":0,"6":0,"7":1},"f":{"0":1,"1":0,"2":0,"3":1},"b":{"0":[1,0]},"_coverageSchema":"332fd63041d2c1bcb487cc26dd0d5f7d97098a6c","hash":"e36ed683a76855916dd5dee9d58d3e114654d166"}
,"C:\\_dev\\ReactTutorial\\User-Management\\src\\container\\list_view\\user-detail.jsx": {"path":"C:\\_dev\\ReactTutorial\\User-Management\\src\\container\\list_view\\user-detail.jsx","statementMap":{"0":{"start":{"line":1,"column":13},"end":{"line":1,"column":75}},"1":{"start":{"line":1,"column":94},"end":{"line":1,"column":623}},"2":{"start":{"line":1,"column":149},"end":{"line":1,"column":414}},"3":{"start":{"line":1,"column":206},"end":{"line":1,"column":214}},"4":{"start":{"line":1,"column":215},"end":{"line":1,"column":270}},"5":{"start":{"line":1,"column":270},"end":{"line":1,"column":301}},"6":{"start":{"line":1,"column":301},"end":{"line":1,"column":355}},"7":{"start":{"line":1,"column":328},"end":{"line":1,"column":355}},"8":{"start":{"line":1,"column":355},"end":{"line":1,"column":413}},"9":{"start":{"line":1,"column":415},"end":{"line":1,"column":620}},"10":{"start":{"line":1,"column":471},"end":{"line":1,"column":539}},"11":{"start":{"line":1,"column":487},"end":{"line":1,"column":539}},"12":{"start":{"line":1,"column":539},"end":{"line":1,"column":599}},"13":{"start":{"line":1,"column":556},"end":{"line":1,"column":599}},"14":{"start":{"line":1,"column":599},"end":{"line":1,"column":618}},"15":{"start":{"line":1,"column":638},"end":{"line":1,"column":655}},"16":{"start":{"line":1,"column":671},"end":{"line":1,"column":702}},"17":{"start":{"line":2,"column":13},"end":{"line":2,"column":29}},"18":{"start":{"line":2,"column":44},"end":{"line":2,"column":74}},"19":{"start":{"line":3,"column":18},"end":{"line":3,"column":40}},"20":{"start":{"line":4,"column":22},"end":{"line":4,"column":49}},"21":{"start":{"line":5,"column":15},"end":{"line":5,"column":43}},"22":{"start":{"line":6,"column":15},"end":{"line":6,"column":39}},"23":{"start":{"line":6,"column":78},"end":{"line":6,"column":132}},"24":{"start":{"line":6,"column":182},"end":{"line":6,"column":281}},"25":{"start":{"line":6,"column":223},"end":{"line":6,"column":280}},"26":{"start":{"line":6,"column":331},"end":{"line":6,"column":430}},"27":{"start":{"line":6,"column":343},"end":{"line":6,"column":429}},"28":{"start":{"line":6,"column":430},"end":{"line":6,"column":516}},"29":{"start":{"line":6,"column":559},"end":{"line":6,"column":722}},"30":{"start":{"line":6,"column":621},"end":{"line":6,"column":721}},"31":{"start":{"line":6,"column":722},"end":{"line":6,"column":886}},"32":{"start":{"line":6,"column":886},"end":{"line":6,"column":1004}},"33":{"start":{"line":6,"column":902},"end":{"line":6,"column":1004}},"34":{"start":{"line":8,"column":13},"end":{"line":59,"column":47}},"35":{"start":{"line":8,"column":36},"end":{"line":8,"column":70}},"36":{"start":{"line":8,"column":93},"end":{"line":8,"column":127}},"37":{"start":{"line":8,"column":127},"end":{"line":8,"column":251}},"38":{"start":{"line":8,"column":252},"end":{"line":59,"column":10}},"39":{"start":{"line":10,"column":6},"end":{"line":10,"column":30}},"40":{"start":{"line":14,"column":6},"end":{"line":37,"column":9}},"41":{"start":{"line":15,"column":21},"end":{"line":15,"column":38}},"42":{"start":{"line":16,"column":8},"end":{"line":32,"column":127}},"43":{"start":{"line":42,"column":6},"end":{"line":55,"column":33}},"44":{"start":{"line":59,"column":10},"end":{"line":59,"column":28}},"45":{"start":{"line":63,"column":2},"end":{"line":63,"column":32}},"46":{"start":{"line":64,"column":1},"end":{"line":66,"column":91}}},"fnMap":{"0":{"name":"(anonymous_0)","decl":{"start":{"line":1,"column":94},"end":{"line":1,"column":95}},"loc":{"start":{"line":1,"column":106},"end":{"line":1,"column":621}},"line":1},"1":{"name":"defineProperties","decl":{"start":{"line":1,"column":116},"end":{"line":1,"column":132}},"loc":{"start":{"line":1,"column":148},"end":{"line":1,"column":415}},"line":1},"2":{"name":"(anonymous_2)","decl":{"start":{"line":1,"column":422},"end":{"line":1,"column":423}},"loc":{"start":{"line":1,"column":470},"end":{"line":1,"column":619}},"line":1},"3":{"name":"_interopRequireDefault","decl":{"start":{"line":6,"column":49},"end":{"line":6,"column":71}},"loc":{"start":{"line":6,"column":77},"end":{"line":6,"column":133}},"line":6},"4":{"name":"_classCallCheck","decl":{"start":{"line":6,"column":142},"end":{"line":6,"column":157}},"loc":{"start":{"line":6,"column":181},"end":{"line":6,"column":282}},"line":6},"5":{"name":"_possibleConstructorReturn","decl":{"start":{"line":6,"column":291},"end":{"line":6,"column":317}},"loc":{"start":{"line":6,"column":330},"end":{"line":6,"column":517}},"line":6},"6":{"name":"_inherits","decl":{"start":{"line":6,"column":526},"end":{"line":6,"column":535}},"loc":{"start":{"line":6,"column":558},"end":{"line":6,"column":1005}},"line":6},"7":{"name":"(anonymous_7)","decl":{"start":{"line":8,"column":13},"end":{"line":8,"column":14}},"loc":{"start":{"line":8,"column":35},"end":{"line":59,"column":29}},"line":8},"8":{"name":"UserDetail","decl":{"start":{"line":8,"column":79},"end":{"line":8,"column":89}},"loc":{"start":{"line":8,"column":92},"end":{"line":8,"column":252}},"line":8},"9":{"name":"componentDidMount","decl":{"start":{"line":8,"column":322},"end":{"line":8,"column":339}},"loc":{"start":{"line":9,"column":4},"end":{"line":11,"column":5}},"line":9},"10":{"name":"renderUser","decl":{"start":{"line":11,"column":46},"end":{"line":11,"column":56}},"loc":{"start":{"line":13,"column":4},"end":{"line":38,"column":5}},"line":13},"11":{"name":"(anonymous_11)","decl":{"start":{"line":14,"column":52},"end":{"line":14,"column":53}},"loc":{"start":{"line":14,"column":68},"end":{"line":37,"column":7}},"line":14},"12":{"name":"render","decl":{"start":{"line":38,"column":42},"end":{"line":38,"column":48}},"loc":{"start":{"line":39,"column":4},"end":{"line":59,"column":5}},"line":39},"13":{"name":"mapStateToProps","decl":{"start":{"line":62,"column":9},"end":{"line":62,"column":24}},"loc":{"start":{"line":62,"column":32},"end":{"line":64,"column":1}},"line":62}},"branchMap":{"0":{"loc":{"start":{"line":1,"column":239},"end":{"line":1,"column":269}},"type":"binary-expr","locations":[{"start":{"line":1,"column":239},"end":{"line":1,"column":260}},{"start":{"line":1,"column":264},"end":{"line":1,"column":269}}],"line":1},"1":{"loc":{"start":{"line":1,"column":301},"end":{"line":1,"column":355}},"type":"if","locations":[{"start":{"line":1,"column":301},"end":{"line":1,"column":355}},{"start":{"line":1,"column":301},"end":{"line":1,"column":355}}],"line":1},"2":{"loc":{"start":{"line":1,"column":471},"end":{"line":1,"column":539}},"type":"if","locations":[{"start":{"line":1,"column":471},"end":{"line":1,"column":539}},{"start":{"line":1,"column":471},"end":{"line":1,"column":539}}],"line":1},"3":{"loc":{"start":{"line":1,"column":539},"end":{"line":1,"column":599}},"type":"if","locations":[{"start":{"line":1,"column":539},"end":{"line":1,"column":599}},{"start":{"line":1,"column":539},"end":{"line":1,"column":599}}],"line":1},"4":{"loc":{"start":{"line":6,"column":85},"end":{"line":6,"column":131}},"type":"cond-expr","locations":[{"start":{"line":6,"column":109},"end":{"line":6,"column":112}},{"start":{"line":6,"column":115},"end":{"line":6,"column":131}}],"line":6},"5":{"loc":{"start":{"line":6,"column":85},"end":{"line":6,"column":106}},"type":"binary-expr","locations":[{"start":{"line":6,"column":85},"end":{"line":6,"column":88}},{"start":{"line":6,"column":92},"end":{"line":6,"column":106}}],"line":6},"6":{"loc":{"start":{"line":6,"column":182},"end":{"line":6,"column":281}},"type":"if","locations":[{"start":{"line":6,"column":182},"end":{"line":6,"column":281}},{"start":{"line":6,"column":182},"end":{"line":6,"column":281}}],"line":6},"7":{"loc":{"start":{"line":6,"column":331},"end":{"line":6,"column":430}},"type":"if","locations":[{"start":{"line":6,"column":331},"end":{"line":6,"column":430}},{"start":{"line":6,"column":331},"end":{"line":6,"column":430}}],"line":6},"8":{"loc":{"start":{"line":6,"column":437},"end":{"line":6,"column":515}},"type":"cond-expr","locations":[{"start":{"line":6,"column":504},"end":{"line":6,"column":508}},{"start":{"line":6,"column":511},"end":{"line":6,"column":515}}],"line":6},"9":{"loc":{"start":{"line":6,"column":437},"end":{"line":6,"column":501}},"type":"binary-expr","locations":[{"start":{"line":6,"column":437},"end":{"line":6,"column":441}},{"start":{"line":6,"column":446},"end":{"line":6,"column":470}},{"start":{"line":6,"column":474},"end":{"line":6,"column":500}}],"line":6},"10":{"loc":{"start":{"line":6,"column":559},"end":{"line":6,"column":722}},"type":"if","locations":[{"start":{"line":6,"column":559},"end":{"line":6,"column":722}},{"start":{"line":6,"column":559},"end":{"line":6,"column":722}}],"line":6},"11":{"loc":{"start":{"line":6,"column":563},"end":{"line":6,"column":618}},"type":"binary-expr","locations":[{"start":{"line":6,"column":563},"end":{"line":6,"column":595}},{"start":{"line":6,"column":599},"end":{"line":6,"column":618}}],"line":6},"12":{"loc":{"start":{"line":6,"column":757},"end":{"line":6,"column":791}},"type":"binary-expr","locations":[{"start":{"line":6,"column":757},"end":{"line":6,"column":767}},{"start":{"line":6,"column":771},"end":{"line":6,"column":791}}],"line":6},"13":{"loc":{"start":{"line":6,"column":886},"end":{"line":6,"column":1004}},"type":"if","locations":[{"start":{"line":6,"column":886},"end":{"line":6,"column":1004}},{"start":{"line":6,"column":886},"end":{"line":6,"column":1004}}],"line":6},"14":{"loc":{"start":{"line":6,"column":902},"end":{"line":6,"column":1003}},"type":"cond-expr","locations":[{"start":{"line":6,"column":926},"end":{"line":6,"column":969}},{"start":{"line":6,"column":972},"end":{"line":6,"column":1003}}],"line":6},"15":{"loc":{"start":{"line":8,"column":168},"end":{"line":8,"column":225}},"type":"binary-expr","locations":[{"start":{"line":8,"column":168},"end":{"line":8,"column":188}},{"start":{"line":8,"column":192},"end":{"line":8,"column":225}}],"line":8}},"s":{"0":0,"1":0,"2":0,"3":0,"4":0,"5":0,"6":0,"7":0,"8":0,"9":0,"10":0,"11":0,"12":0,"13":0,"14":0,"15":0,"16":0,"17":0,"18":0,"19":0,"20":0,"21":0,"22":0,"23":0,"24":0,"25":0,"26":0,"27":0,"28":0,"29":0,"30":0,"31":0,"32":0,"33":0,"34":0,"35":0,"36":0,"37":0,"38":0,"39":0,"40":0,"41":0,"42":0,"43":0,"44":0,"45":0,"46":0},"f":{"0":0,"1":0,"2":0,"3":0,"4":0,"5":0,"6":0,"7":0,"8":0,"9":0,"10":0,"11":0,"12":0,"13":0},"b":{"0":[0,0],"1":[0,0],"2":[0,0],"3":[0,0],"4":[0,0],"5":[0,0],"6":[0,0],"7":[0,0],"8":[0,0],"9":[0,0,0],"10":[0,0],"11":[0,0],"12":[0,0],"13":[0,0],"14":[0,0],"15":[0,0]}}
,"C:\\_dev\\ReactTutorial\\User-Management\\src\\container\\list_view\\user-list.jsx": {"path":"C:\\_dev\\ReactTutorial\\User-Management\\src\\container\\list_view\\user-list.jsx","statementMap":{"0":{"start":{"line":1,"column":13},"end":{"line":1,"column":75}},"1":{"start":{"line":1,"column":94},"end":{"line":1,"column":623}},"2":{"start":{"line":1,"column":149},"end":{"line":1,"column":414}},"3":{"start":{"line":1,"column":206},"end":{"line":1,"column":214}},"4":{"start":{"line":1,"column":215},"end":{"line":1,"column":270}},"5":{"start":{"line":1,"column":270},"end":{"line":1,"column":301}},"6":{"start":{"line":1,"column":301},"end":{"line":1,"column":355}},"7":{"start":{"line":1,"column":328},"end":{"line":1,"column":355}},"8":{"start":{"line":1,"column":355},"end":{"line":1,"column":413}},"9":{"start":{"line":1,"column":415},"end":{"line":1,"column":620}},"10":{"start":{"line":1,"column":471},"end":{"line":1,"column":539}},"11":{"start":{"line":1,"column":487},"end":{"line":1,"column":539}},"12":{"start":{"line":1,"column":539},"end":{"line":1,"column":599}},"13":{"start":{"line":1,"column":556},"end":{"line":1,"column":599}},"14":{"start":{"line":1,"column":599},"end":{"line":1,"column":618}},"15":{"start":{"line":1,"column":637},"end":{"line":1,"column":653}},"16":{"start":{"line":1,"column":668},"end":{"line":1,"column":698}},"17":{"start":{"line":2,"column":18},"end":{"line":2,"column":40}},"18":{"start":{"line":3,"column":13},"end":{"line":3,"column":29}},"19":{"start":{"line":4,"column":13},"end":{"line":4,"column":43}},"20":{"start":{"line":6,"column":18},"end":{"line":6,"column":42}},"21":{"start":{"line":6,"column":62},"end":{"line":6,"column":97}},"22":{"start":{"line":6,"column":136},"end":{"line":6,"column":190}},"23":{"start":{"line":6,"column":240},"end":{"line":6,"column":339}},"24":{"start":{"line":6,"column":281},"end":{"line":6,"column":338}},"25":{"start":{"line":6,"column":389},"end":{"line":6,"column":488}},"26":{"start":{"line":6,"column":401},"end":{"line":6,"column":487}},"27":{"start":{"line":6,"column":488},"end":{"line":6,"column":574}},"28":{"start":{"line":6,"column":617},"end":{"line":6,"column":780}},"29":{"start":{"line":6,"column":679},"end":{"line":6,"column":779}},"30":{"start":{"line":6,"column":780},"end":{"line":6,"column":944}},"31":{"start":{"line":6,"column":944},"end":{"line":6,"column":1062}},"32":{"start":{"line":6,"column":960},"end":{"line":6,"column":1062}},"33":{"start":{"line":8,"column":11},"end":{"line":19,"column":45}},"34":{"start":{"line":8,"column":34},"end":{"line":8,"column":66}},"35":{"start":{"line":9,"column":28},"end":{"line":9,"column":60}},"36":{"start":{"line":9,"column":72},"end":{"line":10,"column":11}},"37":{"start":{"line":11,"column":4},"end":{"line":11,"column":31}},"38":{"start":{"line":12,"column":4},"end":{"line":12,"column":45}},"39":{"start":{"line":12,"column":45},"end":{"line":12,"column":58}},"40":{"start":{"line":13,"column":3},"end":{"line":19,"column":10}},"41":{"start":{"line":16,"column":6},"end":{"line":17,"column":67}},"42":{"start":{"line":19,"column":10},"end":{"line":19,"column":26}},"43":{"start":{"line":23,"column":2},"end":{"line":25,"column":4}},"44":{"start":{"line":24,"column":39},"end":{"line":24,"column":74}},"45":{"start":{"line":26,"column":1},"end":{"line":28,"column":61}}},"fnMap":{"0":{"name":"(anonymous_0)","decl":{"start":{"line":1,"column":94},"end":{"line":1,"column":95}},"loc":{"start":{"line":1,"column":106},"end":{"line":1,"column":621}},"line":1},"1":{"name":"defineProperties","decl":{"start":{"line":1,"column":116},"end":{"line":1,"column":132}},"loc":{"start":{"line":1,"column":148},"end":{"line":1,"column":415}},"line":1},"2":{"name":"(anonymous_2)","decl":{"start":{"line":1,"column":422},"end":{"line":1,"column":423}},"loc":{"start":{"line":1,"column":470},"end":{"line":1,"column":619}},"line":1},"3":{"name":"_interopRequireDefault","decl":{"start":{"line":6,"column":107},"end":{"line":6,"column":129}},"loc":{"start":{"line":6,"column":135},"end":{"line":6,"column":191}},"line":6},"4":{"name":"_classCallCheck","decl":{"start":{"line":6,"column":200},"end":{"line":6,"column":215}},"loc":{"start":{"line":6,"column":239},"end":{"line":6,"column":340}},"line":6},"5":{"name":"_possibleConstructorReturn","decl":{"start":{"line":6,"column":349},"end":{"line":6,"column":375}},"loc":{"start":{"line":6,"column":388},"end":{"line":6,"column":575}},"line":6},"6":{"name":"_inherits","decl":{"start":{"line":6,"column":584},"end":{"line":6,"column":593}},"loc":{"start":{"line":6,"column":616},"end":{"line":6,"column":1063}},"line":6},"7":{"name":"(anonymous_7)","decl":{"start":{"line":8,"column":11},"end":{"line":8,"column":12}},"loc":{"start":{"line":8,"column":33},"end":{"line":19,"column":27}},"line":8},"8":{"name":"UserList","decl":{"start":{"line":9,"column":11},"end":{"line":9,"column":19}},"loc":{"start":{"line":9,"column":27},"end":{"line":13,"column":3}},"line":9},"9":{"name":"render","decl":{"start":{"line":13,"column":60},"end":{"line":13,"column":66}},"loc":{"start":{"line":15,"column":4},"end":{"line":19,"column":5}},"line":15},"10":{"name":"mapDispatchToProps","decl":{"start":{"line":22,"column":9},"end":{"line":22,"column":27}},"loc":{"start":{"line":22,"column":38},"end":{"line":26,"column":1}},"line":22},"11":{"name":"fetchUsers","decl":{"start":{"line":24,"column":25},"end":{"line":24,"column":35}},"loc":{"start":{"line":24,"column":38},"end":{"line":24,"column":75}},"line":24}},"branchMap":{"0":{"loc":{"start":{"line":1,"column":239},"end":{"line":1,"column":269}},"type":"binary-expr","locations":[{"start":{"line":1,"column":239},"end":{"line":1,"column":260}},{"start":{"line":1,"column":264},"end":{"line":1,"column":269}}],"line":1},"1":{"loc":{"start":{"line":1,"column":301},"end":{"line":1,"column":355}},"type":"if","locations":[{"start":{"line":1,"column":301},"end":{"line":1,"column":355}},{"start":{"line":1,"column":301},"end":{"line":1,"column":355}}],"line":1},"2":{"loc":{"start":{"line":1,"column":471},"end":{"line":1,"column":539}},"type":"if","locations":[{"start":{"line":1,"column":471},"end":{"line":1,"column":539}},{"start":{"line":1,"column":471},"end":{"line":1,"column":539}}],"line":1},"3":{"loc":{"start":{"line":1,"column":539},"end":{"line":1,"column":599}},"type":"if","locations":[{"start":{"line":1,"column":539},"end":{"line":1,"column":599}},{"start":{"line":1,"column":539},"end":{"line":1,"column":599}}],"line":1},"4":{"loc":{"start":{"line":6,"column":143},"end":{"line":6,"column":189}},"type":"cond-expr","locations":[{"start":{"line":6,"column":167},"end":{"line":6,"column":170}},{"start":{"line":6,"column":173},"end":{"line":6,"column":189}}],"line":6},"5":{"loc":{"start":{"line":6,"column":143},"end":{"line":6,"column":164}},"type":"binary-expr","locations":[{"start":{"line":6,"column":143},"end":{"line":6,"column":146}},{"start":{"line":6,"column":150},"end":{"line":6,"column":164}}],"line":6},"6":{"loc":{"start":{"line":6,"column":240},"end":{"line":6,"column":339}},"type":"if","locations":[{"start":{"line":6,"column":240},"end":{"line":6,"column":339}},{"start":{"line":6,"column":240},"end":{"line":6,"column":339}}],"line":6},"7":{"loc":{"start":{"line":6,"column":389},"end":{"line":6,"column":488}},"type":"if","locations":[{"start":{"line":6,"column":389},"end":{"line":6,"column":488}},{"start":{"line":6,"column":389},"end":{"line":6,"column":488}}],"line":6},"8":{"loc":{"start":{"line":6,"column":495},"end":{"line":6,"column":573}},"type":"cond-expr","locations":[{"start":{"line":6,"column":562},"end":{"line":6,"column":566}},{"start":{"line":6,"column":569},"end":{"line":6,"column":573}}],"line":6},"9":{"loc":{"start":{"line":6,"column":495},"end":{"line":6,"column":559}},"type":"binary-expr","locations":[{"start":{"line":6,"column":495},"end":{"line":6,"column":499}},{"start":{"line":6,"column":504},"end":{"line":6,"column":528}},{"start":{"line":6,"column":532},"end":{"line":6,"column":558}}],"line":6},"10":{"loc":{"start":{"line":6,"column":617},"end":{"line":6,"column":780}},"type":"if","locations":[{"start":{"line":6,"column":617},"end":{"line":6,"column":780}},{"start":{"line":6,"column":617},"end":{"line":6,"column":780}}],"line":6},"11":{"loc":{"start":{"line":6,"column":621},"end":{"line":6,"column":676}},"type":"binary-expr","locations":[{"start":{"line":6,"column":621},"end":{"line":6,"column":653}},{"start":{"line":6,"column":657},"end":{"line":6,"column":676}}],"line":6},"12":{"loc":{"start":{"line":6,"column":815},"end":{"line":6,"column":849}},"type":"binary-expr","locations":[{"start":{"line":6,"column":815},"end":{"line":6,"column":825}},{"start":{"line":6,"column":829},"end":{"line":6,"column":849}}],"line":6},"13":{"loc":{"start":{"line":6,"column":944},"end":{"line":6,"column":1062}},"type":"if","locations":[{"start":{"line":6,"column":944},"end":{"line":6,"column":1062}},{"start":{"line":6,"column":944},"end":{"line":6,"column":1062}}],"line":6},"14":{"loc":{"start":{"line":6,"column":960},"end":{"line":6,"column":1061}},"type":"cond-expr","locations":[{"start":{"line":6,"column":984},"end":{"line":6,"column":1027}},{"start":{"line":6,"column":1030},"end":{"line":6,"column":1061}}],"line":6},"15":{"loc":{"start":{"line":9,"column":106},"end":{"line":9,"column":159}},"type":"binary-expr","locations":[{"start":{"line":9,"column":106},"end":{"line":9,"column":124}},{"start":{"line":9,"column":128},"end":{"line":9,"column":159}}],"line":9}},"s":{"0":0,"1":0,"2":0,"3":0,"4":0,"5":0,"6":0,"7":0,"8":0,"9":0,"10":0,"11":0,"12":0,"13":0,"14":0,"15":0,"16":0,"17":0,"18":0,"19":0,"20":0,"21":0,"22":0,"23":0,"24":0,"25":0,"26":0,"27":0,"28":0,"29":0,"30":0,"31":0,"32":0,"33":0,"34":0,"35":0,"36":0,"37":0,"38":0,"39":0,"40":0,"41":0,"42":0,"43":0,"44":0,"45":0},"f":{"0":0,"1":0,"2":0,"3":0,"4":0,"5":0,"6":0,"7":0,"8":0,"9":0,"10":0,"11":0},"b":{"0":[0,0],"1":[0,0],"2":[0,0],"3":[0,0],"4":[0,0],"5":[0,0],"6":[0,0],"7":[0,0],"8":[0,0],"9":[0,0,0],"10":[0,0],"11":[0,0],"12":[0,0],"13":[0,0],"14":[0,0],"15":[0,0]}}
,"C:\\_dev\\ReactTutorial\\User-Management\\src\\lib\\library.jsx": {"path":"C:\\_dev\\ReactTutorial\\User-Management\\src\\lib\\library.jsx","statementMap":{"0":{"start":{"line":1,"column":27},"end":{"line":15,"column":1}},"1":{"start":{"line":2,"column":10},"end":{"line":2,"column":50}},"2":{"start":{"line":4,"column":2},"end":{"line":14,"column":3}},"3":{"start":{"line":5,"column":4},"end":{"line":5,"column":14}},"4":{"start":{"line":8,"column":7},"end":{"line":14,"column":3}},"5":{"start":{"line":9,"column":4},"end":{"line":9,"column":14}},"6":{"start":{"line":13,"column":4},"end":{"line":13,"column":26}}},"fnMap":{"0":{"name":"(anonymous_0)","decl":{"start":{"line":1,"column":27},"end":{"line":1,"column":28}},"loc":{"start":{"line":1,"column":42},"end":{"line":15,"column":1}},"line":1}},"branchMap":{"0":{"loc":{"start":{"line":4,"column":2},"end":{"line":14,"column":3}},"type":"if","locations":[{"start":{"line":4,"column":2},"end":{"line":14,"column":3}},{"start":{"line":4,"column":2},"end":{"line":14,"column":3}}],"line":4},"1":{"loc":{"start":{"line":8,"column":7},"end":{"line":14,"column":3}},"type":"if","locations":[{"start":{"line":8,"column":7},"end":{"line":14,"column":3}},{"start":{"line":8,"column":7},"end":{"line":14,"column":3}}],"line":8}},"s":{"0":1,"1":3,"2":3,"3":0,"4":3,"5":2,"6":1},"f":{"0":3},"b":{"0":[0,3],"1":[2,1]},"_coverageSchema":"332fd63041d2c1bcb487cc26dd0d5f7d97098a6c","hash":"9ba14b39360f76be18e3841dd29fc03467b0db96"}
,"C:\\_dev\\ReactTutorial\\User-Management\\src\\reducers\\index.jsx": {"path":"C:\\_dev\\ReactTutorial\\User-Management\\src\\reducers\\index.jsx","statementMap":{"0":{"start":{"line":1,"column":13},"end":{"line":1,"column":75}},"1":{"start":{"line":1,"column":88},"end":{"line":1,"column":104}},"2":{"start":{"line":2,"column":20},"end":{"line":2,"column":45}},"3":{"start":{"line":2,"column":67},"end":{"line":2,"column":104}},"4":{"start":{"line":2,"column":143},"end":{"line":2,"column":197}},"5":{"start":{"line":4,"column":18},"end":{"line":5,"column":34}},"6":{"start":{"line":5,"column":35},"end":{"line":7,"column":12}}},"fnMap":{"0":{"name":"_interopRequireDefault","decl":{"start":{"line":2,"column":114},"end":{"line":2,"column":136}},"loc":{"start":{"line":2,"column":142},"end":{"line":2,"column":198}},"line":2}},"branchMap":{"0":{"loc":{"start":{"line":2,"column":150},"end":{"line":2,"column":196}},"type":"cond-expr","locations":[{"start":{"line":2,"column":174},"end":{"line":2,"column":177}},{"start":{"line":2,"column":180},"end":{"line":2,"column":196}}],"line":2},"1":{"loc":{"start":{"line":2,"column":150},"end":{"line":2,"column":171}},"type":"binary-expr","locations":[{"start":{"line":2,"column":150},"end":{"line":2,"column":153}},{"start":{"line":2,"column":157},"end":{"line":2,"column":171}}],"line":2}},"s":{"0":0,"1":0,"2":0,"3":0,"4":0,"5":0,"6":0},"f":{"0":0},"b":{"0":[0,0],"1":[0,0]}}
,"C:\\_dev\\ReactTutorial\\User-Management\\src\\reducers\\reducer_user.jsx": {"path":"C:\\_dev\\ReactTutorial\\User-Management\\src\\reducers\\reducer_user.jsx","statementMap":{"0":{"start":{"line":1,"column":13},"end":{"line":1,"column":75}},"1":{"start":{"line":1,"column":75},"end":{"line":16,"column":2}},"2":{"start":{"line":4,"column":25},"end":{"line":4,"column":95}},"3":{"start":{"line":4,"column":109},"end":{"line":4,"column":121}},"4":{"start":{"line":5,"column":2},"end":{"line":14,"column":20}},"5":{"start":{"line":7,"column":6},"end":{"line":7,"column":88}},"6":{"start":{"line":9,"column":6},"end":{"line":9,"column":65}},"7":{"start":{"line":11,"column":6},"end":{"line":11,"column":88}},"8":{"start":{"line":12,"column":6},"end":{"line":12,"column":12}},"9":{"start":{"line":14,"column":6},"end":{"line":14,"column":19}},"10":{"start":{"line":16,"column":16},"end":{"line":16,"column":33}},"11":{"start":{"line":16,"column":49},"end":{"line":16,"column":80}},"12":{"start":{"line":16,"column":94},"end":{"line":16,"column":121}},"13":{"start":{"line":16,"column":160},"end":{"line":16,"column":214}},"14":{"start":{"line":16,"column":258},"end":{"line":16,"column":405}},"15":{"start":{"line":16,"column":275},"end":{"line":16,"column":379}},"16":{"start":{"line":16,"column":387},"end":{"line":16,"column":404}},"17":{"start":{"line":16,"column":405},"end":{"line":16,"column":416}}},"fnMap":{"0":{"name":"(anonymous_0)","decl":{"start":{"line":4,"column":0},"end":{"line":4,"column":1}},"loc":{"start":{"line":4,"column":12},"end":{"line":16,"column":1}},"line":4},"1":{"name":"_interopRequireDefault","decl":{"start":{"line":16,"column":131},"end":{"line":16,"column":153}},"loc":{"start":{"line":16,"column":159},"end":{"line":16,"column":215}},"line":16},"2":{"name":"_defineProperty","decl":{"start":{"line":16,"column":224},"end":{"line":16,"column":239}},"loc":{"start":{"line":16,"column":257},"end":{"line":16,"column":417}},"line":16}},"branchMap":{"0":{"loc":{"start":{"line":4,"column":25},"end":{"line":4,"column":95}},"type":"cond-expr","locations":[{"start":{"line":4,"column":78},"end":{"line":4,"column":90}},{"start":{"line":4,"column":93},"end":{"line":4,"column":95}}],"line":4},"1":{"loc":{"start":{"line":4,"column":25},"end":{"line":4,"column":75}},"type":"binary-expr","locations":[{"start":{"line":4,"column":25},"end":{"line":4,"column":45}},{"start":{"line":4,"column":49},"end":{"line":4,"column":75}}],"line":4},"2":{"loc":{"start":{"line":5,"column":2},"end":{"line":14,"column":20}},"type":"switch","locations":[{"start":{"line":6,"column":4},"end":{"line":7,"column":88}},{"start":{"line":8,"column":4},"end":{"line":9,"column":65}},{"start":{"line":10,"column":4},"end":{"line":12,"column":12}},{"start":{"line":13,"column":4},"end":{"line":14,"column":19}}],"line":5},"3":{"loc":{"start":{"line":16,"column":167},"end":{"line":16,"column":213}},"type":"cond-expr","locations":[{"start":{"line":16,"column":191},"end":{"line":16,"column":194}},{"start":{"line":16,"column":197},"end":{"line":16,"column":213}}],"line":16},"4":{"loc":{"start":{"line":16,"column":167},"end":{"line":16,"column":188}},"type":"binary-expr","locations":[{"start":{"line":16,"column":167},"end":{"line":16,"column":170}},{"start":{"line":16,"column":174},"end":{"line":16,"column":188}}],"line":16},"5":{"loc":{"start":{"line":16,"column":258},"end":{"line":16,"column":405}},"type":"if","locations":[{"start":{"line":16,"column":258},"end":{"line":16,"column":405}},{"start":{"line":16,"column":258},"end":{"line":16,"column":405}}],"line":16}},"s":{"0":0,"1":0,"2":0,"3":0,"4":0,"5":0,"6":0,"7":0,"8":0,"9":0,"10":0,"11":0,"12":0,"13":0,"14":0,"15":0,"16":0,"17":0},"f":{"0":0,"1":0,"2":0},"b":{"0":[0,0],"1":[0,0],"2":[0,0,0,0],"3":[0,0],"4":[0,0],"5":[0,0]}}
}
